C:\SU\CSE687\CODE\NAVIGATE\DEBUG\NAVIGATE.EXE
C:\SU\CSE687\CODE\NAVIGATE\DEBUG\NAVIGATE.ILK
C:\SU\CSE687\CODE\NAVIGATE\DEBUG\NAVIGATE.PDB
C:\su\CSE687\code\Navigate\Navigate\Debug\cl.command.1.tlog
C:\su\CSE687\code\Navigate\Navigate\Debug\CL.read.1.tlog
C:\su\CSE687\code\Navigate\Navigate\Debug\CL.write.1.tlog
C:\SU\CSE687\CODE\NAVIGATE\NAVIGATE\DEBUG\CLIENT.OBJ
C:\SU\CSE687\CODE\NAVIGATE\NAVIGATE\DEBUG\FILEINFO.OBJ
C:\su\CSE687\code\Navigate\Navigate\Debug\link.13108.read.1.tlog
C:\su\CSE687\code\Navigate\Navigate\Debug\link.13108.write.1.tlog
C:\su\CSE687\code\Navigate\Navigate\Debug\link.13108-cvtres.read.1.tlog
C:\su\CSE687\code\Navigate\Navigate\Debug\link.13108-cvtres.write.1.tlog
C:\su\CSE687\code\Navigate\Navigate\Debug\link.command.1.tlog
C:\su\CSE687\code\Navigate\Navigate\Debug\link.read.1.tlog
C:\su\CSE687\code\Navigate\Navigate\Debug\link.write.1.tlog
C:\su\CSE687\code\Navigate\Navigate\Debug\link-cvtres.read.1.tlog
C:\su\CSE687\code\Navigate\Navigate\Debug\link-cvtres.write.1.tlog
C:\su\CSE687\code\Navigate\Navigate\Debug\mt.command.1.tlog
C:\su\CSE687\code\Navigate\Navigate\Debug\mt.read.1.tlog
C:\su\CSE687\code\Navigate\Navigate\Debug\mt.write.1.tlog
C:\SU\CSE687\CODE\NAVIGATE\NAVIGATE\DEBUG\NAV.OBJ
C:\SU\CSE687\CODE\NAVIGATE\NAVIGATE\DEBUG\NAVIGATE.EXE.EMBED.MANIFEST
C:\SU\CSE687\CODE\NAVIGATE\NAVIGATE\DEBUG\NAVIGATE.EXE.EMBED.MANIFEST.RES
C:\SU\CSE687\CODE\NAVIGATE\NAVIGATE\DEBUG\NAVIGATE.EXE.INTERMEDIATE.MANIFEST
C:\su\CSE687\code\Navigate\Navigate\Debug\Navigate_manifest.rc
C:\su\CSE687\code\Navigate\Navigate\Debug\rc.command.1.tlog
C:\su\CSE687\code\Navigate\Navigate\Debug\rc.read.1.tlog
C:\su\CSE687\code\Navigate\Navigate\Debug\rc.write.1.tlog
C:\SU\CSE687\CODE\NAVIGATE\NAVIGATE\DEBUG\STRINGCONVERSION.OBJ
C:\su\CSE687\code\Navigate\Navigate\Debug\vc100.idb
C:\SU\CSE687\CODE\NAVIGATE\NAVIGATE\DEBUG\VC100.PDB
C:\SU\CSE687\CODE\NAVIGATE\NAVIGATE\DEBUG\WINTOOLS.OBJ
